#
# There is insufficient memory for the Java Runtime Environment to continue.
# Native memory allocation (malloc) failed to allocate 683280 bytes for Chunk::new
# Possible reasons:
#   The system is out of physical RAM or swap space
#   In 32 bit mode, the process size limit was hit
# Possible solutions:
#   Reduce memory load on the system
#   Increase physical memory or swap space
#   Check if swap backing store is full
#   Use 64 bit Java on a 64 bit OS
#   Decrease Java heap size (-Xmx/-Xms)
#   Decrease number of Java threads
#   Decrease Java thread stack sizes (-Xss)
#   Set larger code cache with -XX:ReservedCodeCacheSize=
# This output file may be truncated or incomplete.
#
#  Out of Memory Error (allocation.cpp:390), pid=15488, tid=0x0000000000003940
#
# JRE version: OpenJDK Runtime Environment (8.0_152-b02) (build 1.8.0_152-release-1024-b02)
# Java VM: OpenJDK 64-Bit Server VM (25.152-b02 mixed mode windows-amd64 compressed oops)
# Failed to write core dump. Minidumps are not enabled by default on client versions of Windows
#

---------------  T H R E A D  ---------------

Current thread (0x0000000025a2a000):  JavaThread "C2 CompilerThread1" daemon [_thread_in_native, id=14656, stack(0x00000000281f0000,0x00000000282f0000)]

Stack: [0x00000000281f0000,0x00000000282f0000]
[error occurred during error reporting (printing stack bounds), id 0xc0000005]

Native frames: (J=compiled Java code, j=interpreted, Vv=VM code, C=native code)


Current CompileTask:
C2: 888000 23093       4       com.android.build.gradle.internal.incremental.IncrementalSupportVisitor$ISAbstractMethodVisitor::redirectAt (42 bytes)


---------------  P R O C E S S  ---------------

Java Threads: ( => current thread )
  0x000000002d754800 JavaThread "ForkJoinPool.commonPool-worker-5" daemon [_thread_in_native, id=16804, stack(0x00000000463a0000,0x00000000464a0000)]
  0x000000002d753000 JavaThread "ForkJoinPool.commonPool-worker-2" daemon [_thread_in_Java, id=4348, stack(0x00000000462a0000,0x00000000463a0000)]
  0x000000002d74f800 JavaThread "Worker Daemon Execution Thread 3" [_thread_blocked, id=20044, stack(0x00000000461a0000,0x00000000462a0000)]
  0x000000002d750000 JavaThread "ForkJoinPool.commonPool-worker-1" daemon [_thread_in_native, id=8852, stack(0x0000000043da0000,0x0000000043ea0000)]
  0x000000002b698000 JavaThread "ForkJoinPool.commonPool-worker-0" daemon [_thread_in_native, id=7820, stack(0x0000000043ca0000,0x0000000043da0000)]
  0x000000002b696800 JavaThread "ForkJoinPool.commonPool-worker-6" daemon [_thread_blocked, id=19096, stack(0x0000000043aa0000,0x0000000043ba0000)]
  0x000000002b698800 JavaThread "ForkJoinPool.commonPool-worker-4" daemon [_thread_in_native, id=18952, stack(0x00000000438a0000,0x00000000439a0000)]
  0x000000002b695800 JavaThread "Worker Daemon Execution Thread 2" [_thread_blocked, id=19036, stack(0x00000000436a0000,0x00000000437a0000)]
  0x000000002b693800 JavaThread "Worker Daemon Execution" [_thread_blocked, id=12464, stack(0x00000000435a0000,0x00000000436a0000)]
  0x000000002dd99000 JavaThread "RMI TCP Connection(idle)" daemon [_thread_blocked, id=19312, stack(0x0000000041ba0000,0x0000000041ca0000)]
  0x000000002dd97800 JavaThread "RMI Reaper" [_thread_blocked, id=19432, stack(0x0000000041aa0000,0x0000000041ba0000)]
  0x000000002dd9d800 JavaThread "RMI TCP Accept-0" daemon [_thread_in_native, id=19000, stack(0x00000000419a0000,0x0000000041aa0000)]
  0x000000002dd8e800 JavaThread "GC Daemon" daemon [_thread_blocked, id=18908, stack(0x00000000415a0000,0x00000000416a0000)]
  0x000000002dd92000 JavaThread "RMI Scheduler(0)" daemon [_thread_blocked, id=11224, stack(0x00000000413a0000,0x00000000414a0000)]
  0x000000002bea8000 JavaThread "ForkJoinPool.commonPool-worker-3" daemon [_thread_in_native, id=6280, stack(0x000000003f6a0000,0x000000003f7a0000)]
  0x000000002beae800 JavaThread "Cache worker for Java compile cache (E:\codes\RedrockMobile\CyxbsMobile_Android\.gradle\4.4\javaCompile)" [_thread_blocked, id=8168, stack(0x000000003f4a0000,0x000000003f5a0000)]
  0x000000002bea8800 JavaThread "Task worker for ':' Thread 7" [_thread_blocked, id=18540, stack(0x000000003f3a0000,0x000000003f4a0000)]
  0x000000002bea9800 JavaThread "Task worker for ':' Thread 6" [_thread_blocked, id=9548, stack(0x000000003f2a0000,0x000000003f3a0000)]
  0x000000002bead000 JavaThread "Task worker for ':' Thread 5" [_thread_blocked, id=18580, stack(0x000000003f1a0000,0x000000003f2a0000)]
  0x000000002bea7000 JavaThread "Task worker for ':' Thread 4" [_thread_blocked, id=18492, stack(0x000000003f0a0000,0x000000003f1a0000)]
  0x000000002beae000 JavaThread "Task worker for ':' Thread 3" [_thread_blocked, id=9724, stack(0x000000003efa0000,0x000000003f0a0000)]
  0x000000002bea6800 JavaThread "Task worker for ':' Thread 2" [_thread_blocked, id=17844, stack(0x000000003eea0000,0x000000003efa0000)]
  0x000000002beac800 JavaThread "Task worker for ':'" [_thread_blocked, id=19232, stack(0x000000003eda0000,0x000000003eea0000)]
  0x000000002e303000 JavaThread "Cache worker for Build Output Cleanup Cache (E:\codes\RedrockMobile\CyxbsMobile_Android\.gradle\buildOutputCleanup)" [_thread_blocked, id=19252, stack(0x000000003eca0000,0x000000003eda0000)]
  0x000000002e305000 JavaThread "Cache worker for task history cache (E:\codes\RedrockMobile\CyxbsMobile_Android\.gradle\4.4\taskHistory)" [_thread_blocked, id=18212, stack(0x000000003eba0000,0x000000003eca0000)]
  0x000000002e306800 JavaThread "Cache worker for file content cache (E:\codes\RedrockMobile\CyxbsMobile_Android\.gradle\4.4\fileContent)" [_thread_blocked, id=18576, stack(0x000000003eaa0000,0x000000003eba0000)]
  0x000000002e307800 JavaThread "build operations Thread 8" [_thread_blocked, id=11852, stack(0x000000003e9a0000,0x000000003eaa0000)]
  0x000000002e306000 JavaThread "build operations Thread 7" [_thread_blocked, id=744, stack(0x000000003e8a0000,0x000000003e9a0000)]
  0x000000002e303800 JavaThread "build operations Thread 6" [_thread_blocked, id=12192, stack(0x000000003e7a0000,0x000000003e8a0000)]
  0x000000002e2fb000 JavaThread "build operations Thread 5" [_thread_blocked, id=19220, stack(0x000000003e6a0000,0x000000003e7a0000)]
  0x000000002e302000 JavaThread "build operations Thread 4" [_thread_blocked, id=19092, stack(0x000000003e5a0000,0x000000003e6a0000)]
  0x000000002e300800 JavaThread "build operations Thread 3" [_thread_blocked, id=6528, stack(0x000000003e4a0000,0x000000003e5a0000)]
  0x000000002e2fa800 JavaThread "build operations Thread 2" [_thread_blocked, id=18424, stack(0x000000003e3a0000,0x000000003e4a0000)]
  0x000000002e301800 JavaThread "build operations" [_thread_blocked, id=18676, stack(0x000000003e2a0000,0x000000003e3a0000)]
  0x000000002e2f8000 JavaThread "Cache worker for Artifact transforms cache (E:\Tools\Android\.gradle\caches\transforms-1)" [_thread_blocked, id=712, stack(0x000000003e1a0000,0x000000003e2a0000)]
  0x000000002e2f9000 JavaThread "Cache worker for file hash cache (E:\codes\RedrockMobile\CyxbsMobile_Android\.gradle\4.4\fileHashes)" [_thread_blocked, id=3388, stack(0x000000003e0a0000,0x000000003e1a0000)]
  0x000000002e2fd800 JavaThread "Asynchronous log dispatcher for DefaultDaemonConnection: socket connection from /127.0.0.1:53834 to /127.0.0.1:56120" [_thread_in_native, id=14664, stack(0x000000003dea0000,0x000000003dfa0000)]
  0x000000002e2fc800 JavaThread "Daemon worker Thread 2" [_thread_blocked, id=18256, stack(0x000000003dda0000,0x000000003dea0000)]
  0x000000002e2ff000 JavaThread "Cancel handler" [_thread_blocked, id=17272, stack(0x000000003dca0000,0x000000003dda0000)]
  0x000000002e2fe000 JavaThread "Handler for socket connection from /127.0.0.1:53834 to /127.0.0.1:56120" [_thread_in_native, id=18756, stack(0x000000003dba0000,0x000000003dca0000)]
  0x000000002e2f9800 JavaThread "Daemon Thread 2" [_thread_blocked, id=9552, stack(0x000000003daa0000,0x000000003dba0000)]
  0x000000002beb1000 JavaThread "Java2D Disposer" daemon [_thread_blocked, id=16268, stack(0x0000000039200000,0x0000000039300000)]
  0x000000002dd95800 JavaThread "Memory manager" [_thread_blocked, id=17412, stack(0x0000000031db0000,0x0000000031eb0000)]
  0x000000002dd90800 JavaThread "pool-1-thread-1" [_thread_blocked, id=5076, stack(0x0000000031ab0000,0x0000000031bb0000)]
  0x0000000029c7c000 JavaThread "File lock request listener" [_thread_in_native, id=11524, stack(0x000000002afb0000,0x000000002b0b0000)]
  0x00000000299da800 JavaThread "Cache worker for file hash cache (E:\Tools\Android\.gradle\caches\4.4\fileHashes)" [_thread_blocked, id=16720, stack(0x000000002aeb0000,0x000000002afb0000)]
  0x00000000296a3000 JavaThread "Daemon periodic checks" [_thread_blocked, id=13060, stack(0x000000002a2b0000,0x000000002a3b0000)]
  0x0000000029642000 JavaThread "Incoming local TCP Connector on port 53834" [_thread_in_native, id=16124, stack(0x000000002a100000,0x000000002a200000)]
  0x0000000027a24800 JavaThread "Service Thread" daemon [_thread_blocked, id=12584, stack(0x00000000284f0000,0x00000000285f0000)]
  0x0000000027999000 JavaThread "C1 CompilerThread3" daemon [_thread_blocked, id=9048, stack(0x00000000283f0000,0x00000000284f0000)]
  0x0000000025a2b800 JavaThread "C2 CompilerThread2" daemon [_thread_in_native, id=18000, stack(0x00000000282f0000,0x00000000283f0000)]
=>0x0000000025a2a000 JavaThread "C2 CompilerThread1" daemon [_thread_in_native, id=14656, stack(0x00000000281f0000,0x00000000282f0000)]
  0x000000002793b800 JavaThread "C2 CompilerThread0" daemon [_thread_in_native, id=7488, stack(0x00000000280f0000,0x00000000281f0000)]
  0x0000000027998800 JavaThread "Attach Listener" daemon [_thread_blocked, id=784, stack(0x0000000027ff0000,0x00000000280f0000)]
  0x0000000027997000 JavaThread "Signal Dispatcher" daemon [_thread_blocked, id=11820, stack(0x0000000027ef0000,0x0000000027ff0000)]
  0x0000000027920800 JavaThread "Finalizer" daemon [_thread_blocked, id=9616, stack(0x0000000027d00000,0x0000000027e00000)]
  0x00000000028f9000 JavaThread "Reference Handler" daemon [_thread_blocked, id=14564, stack(0x0000000027800000,0x0000000027900000)]
  0x0000000002802800 JavaThread "main" [_thread_blocked, id=32, stack(0x00000000026f0000,0x00000000027f0000)]

Other Threads:
  0x0000000025a17800 VMThread [stack: 0x0000000027700000,0x0000000027800000] [id=5048]
  0x0000000027a2e800 WatcherThread [stack: 0x00000000285f0000,0x00000000286f0000] [id=10612]

VM state:not at safepoint (normal execution)

VM Mutex/Monitor currently owned by a thread: None

Heap:
 PSYoungGen      total 680960K, used 518488K [0x0000000715580000, 0x0000000746480000, 0x00000007c0000000)
  eden space 577536K, 87% used [0x0000000715580000,0x00000007344e3648,0x0000000738980000)
  from space 103424K, 10% used [0x000000073ff80000,0x0000000740a72ac0,0x0000000746480000)
  to   space 112128K, 0% used [0x0000000738980000,0x0000000738980000,0x000000073f700000)
 ParOldGen       total 401920K, used 99280K [0x00000005c0000000, 0x00000005d8880000, 0x0000000715580000)
  object space 401920K, 24% used [0x00000005c0000000,0x00000005c60f4018,0x00000005d8880000)
 Metaspace       used 90244K, capacity 94658K, committed 94848K, reserved 1132544K
  class space    used 11470K, capacity 12384K, committed 12416K, reserved 1048576K

Card table byte_map: [0x0000000011cd0000,0x0000000012ce0000] byte_map_base: 0x000000000eed0000

Marking Bits: (ParMarkBitMap*) 0x0000000076f94970
 Begin Bits: [0x0000000013f90000, 0x000000001bf90000)
 End Bits:   [0x000000001bf90000, 0x0000000023f90000)

Polling page: 0x00000000026d0000

CodeCache: size=245760Kb used=65552Kb max_used=65552Kb free=180207Kb
 bounds [0x0000000002910000, 0x0000000006970000, 0x0000000011910000]
 total_blobs=18245 nmethods=17284 adapters=873
 compilation: enabled

Compilation events (10 events):
Event: 887.879 Thread 0x0000000027999000 23123       3       org.objectweb.asm.tree.MethodNode::getLabelNodes (51 bytes)
Event: 887.879 Thread 0x0000000027999000 nmethod 23123 0x00000000069339d0 code [0x0000000006933ba0, 0x0000000006934650]
Event: 887.885 Thread 0x0000000027999000 23124   !   3       java.io.FileInputStream::getChannel (41 bytes)
Event: 887.886 Thread 0x0000000027999000 nmethod 23124 0x0000000006926c50 code [0x0000000006926dc0, 0x0000000006927248]
Event: 887.886 Thread 0x0000000027999000 23125       3       java.io.FileInputStream::read (5 bytes)
Event: 887.886 Thread 0x0000000027999000 nmethod 23125 0x0000000006933650 code [0x00000000069337c0, 0x0000000006933948]
Event: 887.894 Thread 0x0000000027999000 23126       3       java.io.FileOutputStream::write (13 bytes)
Event: 887.895 Thread 0x0000000027999000 nmethod 23126 0x0000000006958390 code [0x0000000006958500, 0x00000000069586a8]
Event: 887.901 Thread 0x0000000027999000 23127       3       org.objectweb.asm.tree.ClassNode::accept (554 bytes)
Event: 887.901 Thread 0x0000000025a2b800 23128       4       org.objectweb.asm.MethodWriter::visitFieldInsn (248 bytes)

GC Heap History (10 events):
Event: 851.907 GC heap before
{Heap before GC invocations=26 (full 4):
 PSYoungGen      total 489472K, used 370259K [0x0000000715580000, 0x000000073ee00000, 0x00000007c0000000)
  eden space 356352K, 99% used [0x0000000715580000,0x000000072b0ca300,0x000000072b180000)
  from space 133120K, 10% used [0x000000072b180000,0x000000072bfcaa30,0x0000000733380000)
  to   space 131584K, 0% used [0x0000000736d80000,0x0000000736d80000,0x000000073ee00000)
 ParOldGen       total 401920K, used 89764K [0x00000005c0000000, 0x00000005d8880000, 0x0000000715580000)
  object space 401920K, 22% used [0x00000005c0000000,0x00000005c57a9118,0x00000005d8880000)
 Metaspace       used 87822K, capacity 91958K, committed 92032K, reserved 1128448K
  class space    used 11231K, capacity 12086K, committed 12160K, reserved 1048576K
Event: 851.913 GC heap after
Heap after GC invocations=26 (full 4):
 PSYoungGen      total 550912K, used 11612K [0x0000000715580000, 0x0000000740b00000, 0x00000007c0000000)
  eden space 419328K, 0% used [0x0000000715580000,0x0000000715580000,0x000000072ef00000)
  from space 131584K, 8% used [0x0000000736d80000,0x00000007378d7010,0x000000073ee00000)
  to   space 129536K, 0% used [0x000000072ef00000,0x000000072ef00000,0x0000000736d80000)
 ParOldGen       total 401920K, used 89772K [0x00000005c0000000, 0x00000005d8880000, 0x0000000715580000)
  object space 401920K, 22% used [0x00000005c0000000,0x00000005c57ab118,0x00000005d8880000)
 Metaspace       used 87822K, capacity 91958K, committed 92032K, reserved 1128448K
  class space    used 11231K, capacity 12086K, committed 12160K, reserved 1048576K
}
Event: 873.339 GC heap before
{Heap before GC invocations=27 (full 4):
 PSYoungGen      total 550912K, used 430940K [0x0000000715580000, 0x0000000740b00000, 0x00000007c0000000)
  eden space 419328K, 100% used [0x0000000715580000,0x000000072ef00000,0x000000072ef00000)
  from space 131584K, 8% used [0x0000000736d80000,0x00000007378d7010,0x000000073ee00000)
  to   space 129536K, 0% used [0x000000072ef00000,0x000000072ef00000,0x0000000736d80000)
 ParOldGen       total 401920K, used 89772K [0x00000005c0000000, 0x00000005d8880000, 0x0000000715580000)
  object space 401920K, 22% used [0x00000005c0000000,0x00000005c57ab118,0x00000005d8880000)
 Metaspace       used 88846K, capacity 93200K, committed 93440K, reserved 1130496K
  class space    used 11340K, capacity 12247K, committed 12288K, reserved 1048576K
Event: 873.348 GC heap after
Heap after GC invocations=27 (full 4):
 PSYoungGen      total 548864K, used 11645K [0x0000000715580000, 0x0000000744880000, 0x00000007c0000000)
  eden space 419328K, 0% used [0x0000000715580000,0x0000000715580000,0x000000072ef00000)
  from space 129536K, 8% used [0x000000072ef00000,0x000000072fa5f550,0x0000000736d80000)
  to   space 126976K, 0% used [0x000000073cc80000,0x000000073cc80000,0x0000000744880000)
 ParOldGen       total 401920K, used 89780K [0x00000005c0000000, 0x00000005d8880000, 0x0000000715580000)
  object space 401920K, 22% used [0x00000005c0000000,0x00000005c57ad118,0x00000005d8880000)
 Metaspace       used 88846K, capacity 93200K, committed 93440K, reserved 1130496K
  class space    used 11340K, capacity 12247K, committed 12288K, reserved 1048576K
}
Event: 880.489 GC heap before
{Heap before GC invocations=28 (full 4):
 PSYoungGen      total 548864K, used 430973K [0x0000000715580000, 0x0000000744880000, 0x00000007c0000000)
  eden space 419328K, 100% used [0x0000000715580000,0x000000072ef00000,0x000000072ef00000)
  from space 129536K, 8% used [0x000000072ef00000,0x000000072fa5f550,0x0000000736d80000)
  to   space 126976K, 0% used [0x000000073cc80000,0x000000073cc80000,0x0000000744880000)
 ParOldGen       total 401920K, used 89780K [0x00000005c0000000, 0x00000005d8880000, 0x0000000715580000)
  object space 401920K, 22% used [0x00000005c0000000,0x00000005c57ad118,0x00000005d8880000)
 Metaspace       used 88948K, capacity 93310K, committed 93440K, reserved 1130496K
  class space    used 11348K, capacity 12254K, committed 12288K, reserved 1048576K
Event: 880.512 GC heap after
Heap after GC invocations=28 (full 4):
 PSYoungGen      total 612352K, used 29328K [0x0000000715580000, 0x0000000743180000, 0x00000007c0000000)
  eden space 508928K, 0% used [0x0000000715580000,0x0000000715580000,0x0000000734680000)
  from space 103424K, 28% used [0x000000073cc80000,0x000000073e9240f0,0x0000000743180000)
  to   space 120320K, 0% used [0x0000000734680000,0x0000000734680000,0x000000073bc00000)
 ParOldGen       total 401920K, used 89788K [0x00000005c0000000, 0x00000005d8880000, 0x0000000715580000)
  object space 401920K, 22% used [0x00000005c0000000,0x00000005c57af118,0x00000005d8880000)
 Metaspace       used 88948K, capacity 93310K, committed 93440K, reserved 1130496K
  class space    used 11348K, capacity 12254K, committed 12288K, reserved 1048576K
}
Event: 883.207 GC heap before
{Heap before GC invocations=29 (full 4):
 PSYoungGen      total 612352K, used 538256K [0x0000000715580000, 0x0000000743180000, 0x00000007c0000000)
  eden space 508928K, 100% used [0x0000000715580000,0x0000000734680000,0x0000000734680000)
  from space 103424K, 28% used [0x000000073cc80000,0x000000073e9240f0,0x0000000743180000)
  to   space 120320K, 0% used [0x0000000734680000,0x0000000734680000,0x000000073bc00000)
 ParOldGen       total 401920K, used 89788K [0x00000005c0000000, 0x00000005d8880000, 0x0000000715580000)
  object space 401920K, 22% used [0x00000005c0000000,0x00000005c57af118,0x00000005d8880000)
 Metaspace       used 89087K, capacity 93458K, committed 93696K, reserved 1130496K
  class space    used 11354K, capacity 12256K, committed 12288K, reserved 1048576K
Event: 883.230 GC heap after
Heap after GC invocations=29 (full 4):
 PSYoungGen      total 629248K, used 25987K [0x0000000715580000, 0x0000000746f80000, 0x00000007c0000000)
  eden space 508928K, 0% used [0x0000000715580000,0x0000000715580000,0x0000000734680000)
  from space 120320K, 21% used [0x0000000734680000,0x0000000735fe0f28,0x000000073bc00000)
  to   space 114688K, 0% used [0x000000073ff80000,0x000000073ff80000,0x0000000746f80000)
 ParOldGen       total 401920K, used 97147K [0x00000005c0000000, 0x00000005d8880000, 0x0000000715580000)
  object space 401920K, 24% used [0x00000005c0000000,0x00000005c5edef60,0x00000005d8880000)
 Metaspace       used 89087K, capacity 93458K, committed 93696K, reserved 1130496K
  class space    used 11354K, capacity 12256K, committed 12288K, reserved 1048576K
}
Event: 884.450 GC heap before
{Heap before GC invocations=30 (full 4):
 PSYoungGen      total 629248K, used 534913K [0x0000000715580000, 0x0000000746f80000, 0x00000007c0000000)
  eden space 508928K, 99% used [0x0000000715580000,0x000000073467f758,0x0000000734680000)
  from space 120320K, 21% used [0x0000000734680000,0x0000000735fe0f28,0x000000073bc00000)
  to   space 114688K, 0% used [0x000000073ff80000,0x000000073ff80000,0x0000000746f80000)
 ParOldGen       total 401920K, used 97147K [0x00000005c0000000, 0x00000005d8880000, 0x0000000715580000)
  object space 401920K, 24% used [0x00000005c0000000,0x00000005c5edef60,0x00000005d8880000)
 Metaspace       used 89119K, capacity 93466K, committed 93696K, reserved 1130496K
  class space    used 11354K, capacity 12256K, committed 12288K, reserved 1048576K
Event: 884.460 GC heap after
Heap after GC invocations=30 (full 4):
 PSYoungGen      total 680960K, used 11210K [0x0000000715580000, 0x0000000746480000, 0x00000007c0000000)
  eden space 577536K, 0% used [0x0000000715580000,0x0000000715580000,0x0000000738980000)
  from space 103424K, 10% used [0x000000073ff80000,0x0000000740a72ac0,0x0000000746480000)
  to   space 112128K, 0% used [0x0000000738980000,0x0000000738980000,0x000000073f700000)
 ParOldGen       total 401920K, used 99280K [0x00000005c0000000, 0x00000005d8880000, 0x0000000715580000)
  object space 401920K, 24% used [0x00000005c0000000,0x00000005c60f4018,0x00000005d8880000)
 Metaspace       used 89119K, capacity 93466K, committed 93696K, reserved 1130496K
  class space    used 11354K, capacity 12256K, committed 12288K, reserved 1048576K
}

Deoptimization events (10 events):
Event: 886.341 Thread 0x000000002b698000 Uncommon trap: reason=range_check action=make_not_entrant pc=0x0000000006763c30 method=org.objectweb.asm.Type.a([CI)Lorg/objectweb/asm/Type; @ 162
Event: 886.395 Thread 0x000000002d753000 Uncommon trap: reason=unstable_if action=reinterpret pc=0x0000000005f72a74 method=org.objectweb.asm.ClassReader.a(II[C)Ljava/lang/String; @ 98
Event: 886.418 Thread 0x000000002d750000 Uncommon trap: reason=unstable_if action=reinterpret pc=0x0000000004713994 method=java.util.WeakHashMap.remove(Ljava/lang/Object;)Ljava/lang/Object; @ 94
Event: 886.802 Thread 0x000000002b698800 Uncommon trap: reason=unstable_if action=reinterpret pc=0x000000000680a5a8 method=org.objectweb.asm.Type.a([CI)Lorg/objectweb/asm/Type; @ 165
Event: 886.802 Thread 0x000000002b698800 Uncommon trap: reason=unstable_if action=reinterpret pc=0x00000000067174a8 method=org.objectweb.asm.Frame.b(Lorg/objectweb/asm/ClassWriter;Ljava/lang/String;)I @ 194
Event: 887.218 Thread 0x000000002b698800 Uncommon trap: reason=class_check action=maybe_recompile pc=0x00000000066a80e0 method=java.net.URLClassLoader.defineClass(Ljava/lang/String;Lsun/misc/Resource;)Ljava/lang/Class; @ 34
Event: 887.221 Thread 0x000000002b698800 Uncommon trap: reason=class_check action=maybe_recompile pc=0x00000000066a80e0 method=java.net.URLClassLoader.defineClass(Ljava/lang/String;Lsun/misc/Resource;)Ljava/lang/Class; @ 34
Event: 887.229 Thread 0x000000002b698800 Uncommon trap: reason=class_check action=maybe_recompile pc=0x00000000066a80e0 method=java.net.URLClassLoader.defineClass(Ljava/lang/String;Lsun/misc/Resource;)Ljava/lang/Class; @ 34
Event: 887.260 Thread 0x000000002d750000 Uncommon trap: reason=unstable_if action=reinterpret pc=0x00000000068c174c method=org.objectweb.asm.ClassReader.a(Lorg/objectweb/asm/MethodVisitor;Lorg/objectweb/asm/Context;I)V @ 1352
Event: 887.849 Thread 0x000000002b698000 Uncommon trap: reason=unstable_if action=reinterpret pc=0x0000000004b00234 method=org.objectweb.asm.tree.MethodNode.getLabelNodes([Ljava/lang/Object;)[Ljava/lang/Object; @ 24

Classes redefined (0 events):
No events

Internal exceptions (10 events):
Event: 879.720 Thread 0x000000002b695800 Exception <a 'sun/nio/fs/WindowsException'> (0x000000072180b7a0) thrown at [D:\src\AOSP-openjdk-cygwin\jdk8u\hotspot\src\share\vm\prims\jni.cpp, line 709]
Event: 879.720 Thread 0x000000002b695800 Exception <a 'sun/nio/fs/WindowsException'> (0x000000072180bfc8) thrown at [D:\src\AOSP-openjdk-cygwin\jdk8u\hotspot\src\share\vm\prims\jni.cpp, line 709]
Event: 879.723 Thread 0x000000002d74f800 Exception <a 'sun/nio/fs/WindowsException'> (0x00000007209daf50) thrown at [D:\src\AOSP-openjdk-cygwin\jdk8u\hotspot\src\share\vm\prims\jni.cpp, line 709]
Event: 879.723 Thread 0x000000002d74f800 Exception <a 'sun/nio/fs/WindowsException'> (0x00000007209db758) thrown at [D:\src\AOSP-openjdk-cygwin\jdk8u\hotspot\src\share\vm\prims\jni.cpp, line 709]
Event: 879.726 Thread 0x000000002b695800 Exception <a 'sun/nio/fs/WindowsException'> (0x0000000721814480) thrown at [D:\src\AOSP-openjdk-cygwin\jdk8u\hotspot\src\share\vm\prims\jni.cpp, line 709]
Event: 879.726 Thread 0x000000002b695800 Exception <a 'sun/nio/fs/WindowsException'> (0x0000000721814c68) thrown at [D:\src\AOSP-openjdk-cygwin\jdk8u\hotspot\src\share\vm\prims\jni.cpp, line 709]
Event: 879.729 Thread 0x000000002d74f800 Exception <a 'sun/nio/fs/WindowsException'> (0x00000007209e3c58) thrown at [D:\src\AOSP-openjdk-cygwin\jdk8u\hotspot\src\share\vm\prims\jni.cpp, line 709]
Event: 879.729 Thread 0x000000002d74f800 Exception <a 'sun/nio/fs/WindowsException'> (0x00000007209e4458) thrown at [D:\src\AOSP-openjdk-cygwin\jdk8u\hotspot\src\share\vm\prims\jni.cpp, line 709]
Event: 879.733 Thread 0x000000002b695800 Exception <a 'sun/nio/fs/WindowsException'> (0x000000072181d128) thrown at [D:\src\AOSP-openjdk-cygwin\jdk8u\hotspot\src\share\vm\prims\jni.cpp, line 709]
Event: 879.733 Thread 0x000000002b695800 Exception <a 'sun/nio/fs/WindowsException'> (0x000000072181d918) thrown at [D:\src\AOSP-openjdk-cygwin\jdk8u\hotspot\src\share\vm\prims\jni.cpp, line 709]

Events (10 events):
Event: 887.455 Thread 0x000000002b698800 DEOPT UNPACKING pc=0x00000000029575d0 sp=0x000000004399e488 mode 0
Event: 887.539 Thread 0x000000002b696800 DEOPT PACKING pc=0x000000000384891e sp=0x0000000043b9e9b0
Event: 887.539 Thread 0x000000002b696800 DEOPT UNPACKING pc=0x00000000029575d0 sp=0x0000000043b9e728 mode 0
Event: 887.551 Executing VM operation: RevokeBias
Event: 887.560 Executing VM operation: RevokeBias done
Event: 887.563 Thread 0x000000002b698000 DEOPT PACKING pc=0x000000000681a9bf sp=0x0000000043d9e280
Event: 887.563 Thread 0x000000002b698000 DEOPT UNPACKING pc=0x00000000029575d0 sp=0x0000000043d9df98 mode 0
Event: 887.849 Thread 0x000000002b698000 Uncommon trap: trap_request=0xffffff65 fr.pc=0x0000000004b00234
Event: 887.849 Thread 0x000000002b698000 DEOPT PACKING pc=0x0000000004b00234 sp=0x0000000043d9e000
Event: 887.849 Thread 0x000000002b698000 DEOPT UNPACKING pc=0x000000000295557b sp=0x0000000043d9df90 mode 2


Dynamic libraries:
0x00007ff7dcd50000 - 0x00007ff7dcd81000 	E:\IDE\Android\Android Studio\jre\bin\java.exe
0x00007ffcaa640000 - 0x00007ffcaa821000 	C:\WINDOWS\SYSTEM32\ntdll.dll
0x00007ffca7ad0000 - 0x00007ffca7b82000 	C:\WINDOWS\System32\KERNEL32.DLL
0x00007ffca6a10000 - 0x00007ffca6c83000 	C:\WINDOWS\System32\KERNELBASE.dll
0x00007ffca8080000 - 0x00007ffca8121000 	C:\WINDOWS\System32\ADVAPI32.dll
0x00007ffca9830000 - 0x00007ffca98ce000 	C:\WINDOWS\System32\msvcrt.dll
0x00007ffca9fd0000 - 0x00007ffcaa02b000 	C:\WINDOWS\System32\sechost.dll
0x00007ffca7ba0000 - 0x00007ffca7cc4000 	C:\WINDOWS\System32\RPCRT4.dll
0x00007ffcaa120000 - 0x00007ffcaa2b0000 	C:\WINDOWS\System32\USER32.dll
0x00007ffca6c90000 - 0x00007ffca6cb0000 	C:\WINDOWS\System32\win32u.dll
0x00007ffcaa5e0000 - 0x00007ffcaa608000 	C:\WINDOWS\System32\GDI32.dll
0x00007ffca78b0000 - 0x00007ffca7a42000 	C:\WINDOWS\System32\gdi32full.dll
0x00007ffca6f00000 - 0x00007ffca6f9f000 	C:\WINDOWS\System32\msvcp_win.dll
0x00007ffca77b0000 - 0x00007ffca78aa000 	C:\WINDOWS\System32\ucrtbase.dll
0x00007ffc98100000 - 0x00007ffc98369000 	C:\WINDOWS\WinSxS\amd64_microsoft.windows.common-controls_6595b64144ccf1df_6.0.17134.228_none_fb4599993062b194\COMCTL32.dll
0x00007ffca7d50000 - 0x00007ffca8073000 	C:\WINDOWS\System32\combase.dll
0x00007ffca7a50000 - 0x00007ffca7aca000 	C:\WINDOWS\System32\bcryptPrimitives.dll
0x00007ffca9ec0000 - 0x00007ffca9eed000 	C:\WINDOWS\System32\IMM32.DLL
0x00007ffca68e0000 - 0x00007ffca694e000 	C:\WINDOWS\System32\dtrampo.dll
0x0000000077480000 - 0x0000000077552000 	E:\IDE\Android\Android Studio\jre\jre\bin\msvcr100.dll
0x00000000767d0000 - 0x000000007700f000 	E:\IDE\Android\Android Studio\jre\jre\bin\server\jvm.dll
0x00007ffca9f60000 - 0x00007ffca9f68000 	C:\WINDOWS\System32\PSAPI.DLL
0x00007ffc8c8b0000 - 0x00007ffc8c8b9000 	C:\WINDOWS\SYSTEM32\WSOCK32.dll
0x00007ffca9ef0000 - 0x00007ffca9f5c000 	C:\WINDOWS\System32\WS2_32.dll
0x00007ffca1e10000 - 0x00007ffca1e33000 	C:\WINDOWS\SYSTEM32\WINMM.dll
0x00007ffc9f970000 - 0x00007ffc9f97a000 	C:\WINDOWS\SYSTEM32\VERSION.dll
0x00007ffca1de0000 - 0x00007ffca1e0a000 	C:\WINDOWS\SYSTEM32\WINMMBASE.dll
0x0000000002680000 - 0x00000000026c9000 	C:\WINDOWS\System32\cfgmgr32.dll
0x00007ffca3120000 - 0x00007ffca312f000 	E:\IDE\Android\Android Studio\jre\jre\bin\verify.dll
0x00007ffc9eeb0000 - 0x00007ffc9eed9000 	E:\IDE\Android\Android Studio\jre\jre\bin\java.dll
0x00007ffca3100000 - 0x00007ffca3116000 	E:\IDE\Android\Android Studio\jre\jre\bin\zip.dll
0x00007ffca83c0000 - 0x00007ffca9800000 	C:\WINDOWS\System32\SHELL32.dll
0x00007ffca8310000 - 0x00007ffca83b9000 	C:\WINDOWS\System32\shcore.dll
0x00007ffca7050000 - 0x00007ffca775d000 	C:\WINDOWS\System32\windows.storage.dll
0x0000000027e60000 - 0x0000000027eb1000 	C:\WINDOWS\System32\shlwapi.dll
0x00007ffca6970000 - 0x00007ffca6981000 	C:\WINDOWS\System32\kernel.appcore.dll
0x0000000027ec0000 - 0x0000000027edf000 	C:\WINDOWS\System32\profapi.dll
0x00007ffca69a0000 - 0x00007ffca69ec000 	C:\WINDOWS\System32\powrprof.dll
0x00007ffca6990000 - 0x00007ffca699a000 	C:\WINDOWS\System32\FLTLIB.DLL
0x00007ffca1dc0000 - 0x00007ffca1dda000 	E:\IDE\Android\Android Studio\jre\jre\bin\net.dll
0x00007ffca6160000 - 0x00007ffca61c6000 	C:\WINDOWS\system32\mswsock.dll
0x00007ffca1d90000 - 0x00007ffca1da1000 	E:\IDE\Android\Android Studio\jre\jre\bin\nio.dll
0x00007ffc95e00000 - 0x00007ffc95e1e000 	E:\Tools\Android\.gradle\native\25\windows-amd64\native-platform.dll
0x00007ffca30d0000 - 0x00007ffca30dd000 	E:\IDE\Android\Android Studio\jre\jre\bin\management.dll
0x00007ffca6310000 - 0x00007ffca6327000 	C:\WINDOWS\SYSTEM32\CRYPTSP.dll
0x00007ffca5d40000 - 0x00007ffca5d73000 	C:\WINDOWS\system32\rsaenh.dll
0x00007ffca6440000 - 0x00007ffca6465000 	C:\WINDOWS\SYSTEM32\bcrypt.dll
0x00007ffca6810000 - 0x00007ffca6838000 	C:\WINDOWS\SYSTEM32\USERENV.dll
0x00007ffca6330000 - 0x00007ffca633b000 	C:\WINDOWS\SYSTEM32\CRYPTBASE.dll
0x00007ffca5ee0000 - 0x00007ffca5f18000 	C:\WINDOWS\SYSTEM32\IPHLPAPI.DLL
0x00007ffca9800000 - 0x00007ffca9808000 	C:\WINDOWS\System32\NSI.dll
0x00007ffc9f6e0000 - 0x00007ffc9f6f6000 	C:\WINDOWS\SYSTEM32\dhcpcsvc6.DLL
0x00007ffc9f870000 - 0x00007ffc9f88a000 	C:\WINDOWS\SYSTEM32\dhcpcsvc.DLL
0x00007ffca59d0000 - 0x00007ffca5a01000 	C:\WINDOWS\SYSTEM32\ntmarta.dll
0x00007ffc9ed10000 - 0x00007ffc9eea6000 	E:\IDE\Android\Android Studio\jre\jre\bin\awt.dll
0x00007ffcaa410000 - 0x00007ffcaa4d2000 	C:\WINDOWS\System32\OLEAUT32.dll
0x00007ffca3210000 - 0x00007ffca37d7000 	C:\WINDOWS\SYSTEM32\d2d1.dll
0x00007ffca3fe0000 - 0x00007ffca406b000 	C:\WINDOWS\SYSTEM32\apphelp.dll
0x00007ffca4ca0000 - 0x00007ffca4cc9000 	C:\WINDOWS\system32\DWMAPI.DLL
0x00007ffca4110000 - 0x00007ffca41a8000 	C:\WINDOWS\system32\uxtheme.dll
0x00007ffc8cff0000 - 0x00007ffc8d00e000 	C:\Users\jay68\AppData\Local\Temp\native-platform24840355864404649dir\native-platform.dll

VM Arguments:
jvm_args: -XX:MaxPermSize=2g -XX:+HeapDumpOnOutOfMemoryError -Xmx8g -Dfile.encoding=UTF-8 -Duser.country=CN -Duser.language=zh -Duser.variant 
java_command: org.gradle.launcher.daemon.bootstrap.GradleDaemon 4.4
java_class_path (initial): E:\Tools\Android\.gradle\wrapper\dists\gradle-4.4-all\9br9xq1tocpiv8o6njlyu5op1\gradle-4.4\lib\gradle-launcher-4.4.jar
Launcher Type: SUN_STANDARD

Environment Variables:
JAVA_HOME=E:\Tools\Java\jdk-9.0.1
CLASSPATH=.;E:\Tools\Java\jdk-9.0.1\lib\dt.jar;E:\Tools\Java\jdk-9.0.1\lib\tools.jar;
PATH=C:\ProgramData\Oracle\Java\javapath;C:\WINDOWS\system32;C:\WINDOWS;C:\WINDOWS\System32\Wbem;C:\WINDOWS\System32\WindowsPowerShell\v1.0\;C:\Program Files (x86)\GtkSharp\2.12\bin;E:\Tools\Java\jdk-9.0.1\bin;E:\Tools\Java\jdk-9.0.1\jre\bin;E:\Tools\Decompile\apktool;E:\Tools\Decompile\dex2jar-2.0;E:\Tools\Android\sdk\platform-tools;E:\Tools\Android\sdk\tools;D:\Git\cmd;E:\Tools\nodejs\;C:\Program Files (x86)\NVIDIA Corporation\PhysX\Common;C:\WINDOWS\system32;C:\WINDOWS;C:\WINDOWS\System32\Wbem;C:\WINDOWS\System32\WindowsPowerShell\v1.0\;C:\WINDOWS\System32\OpenSSH\;D:\Text Editor\Microsoft VS Code\bin;C:\Users\jay68\AppData\Local\Microsoft\WindowsApps;;D:\Text Editor\Microsoft VS Code\bin;D:\Small Tools\Fiddler;C:\Users\jay68\AppData\Roaming\npm;%USERPROFILE%\AppData\Local\Microsoft\WindowsApps;C:\Users\jay68\AppData\Local\hyper\app-2.0.0\resources\bin
USERNAME=jay68
OS=Windows_NT
PROCESSOR_IDENTIFIER=Intel64 Family 6 Model 94 Stepping 3, GenuineIntel



---------------  S Y S T E M  ---------------

OS: Windows 10.0 , 64 bit Build 17134 (10.0.17134.1)

CPU:total 8 (initial active 8) (4 cores per cpu, 2 threads per core) family 6 model 94 stepping 3, cmov, cx8, fxsr, mmx, sse, sse2, sse3, ssse3, sse4.1, sse4.2, popcnt, avx, avx2, aes, clmul, erms, rtm, 3dnowpref, lzcnt, ht, tsc, tscinvbit, bmi1, bmi2, adx

Memory: 4k page, physical 16664352k(1294320k free), swap 27079708k(3516k free)

vm_info: OpenJDK 64-Bit Server VM (25.152-b02) for windows-amd64 JRE (1.8.0_152-release-1024-b02), built by "builder" with MS VC++ 10.0 (VS2010)

time: Wed Aug 22 16:51:44 2018
elapsed time: 887 seconds (0d 0h 14m 47s)

