#
# There is insufficient memory for the Java Runtime Environment to continue.
# Native memory allocation (malloc) failed to allocate 32744 bytes for ChunkPool::allocate
# Possible reasons:
#   The system is out of physical RAM or swap space
#   In 32 bit mode, the process size limit was hit
# Possible solutions:
#   Reduce memory load on the system
#   Increase physical memory or swap space
#   Check if swap backing store is full
#   Use 64 bit Java on a 64 bit OS
#   Decrease Java heap size (-Xmx/-Xms)
#   Decrease number of Java threads
#   Decrease Java thread stack sizes (-Xss)
#   Set larger code cache with -XX:ReservedCodeCacheSize=
# This output file may be truncated or incomplete.
#
#  Out of Memory Error (allocation.cpp:273), pid=18560, tid=0x0000000000004cc8
#
# JRE version: OpenJDK Runtime Environment (8.0_152-b02) (build 1.8.0_152-release-1024-b02)
# Java VM: OpenJDK 64-Bit Server VM (25.152-b02 mixed mode windows-amd64 compressed oops)
# Failed to write core dump. Minidumps are not enabled by default on client versions of Windows
#

---------------  T H R E A D  ---------------

Current thread (0x0000000026037800):  VMThread [stack: 0x0000000027d50000,0x0000000027e50000] [id=19656]

Stack: [0x0000000027d50000,0x0000000027e50000]
[error occurred during error reporting (printing stack bounds), id 0xc0000005]

Native frames: (J=compiled Java code, j=interpreted, Vv=VM code, C=native code)

VM_Operation (0x000000002afc6c10): CollectForMetadataAllocation, mode: safepoint, requested by thread 0x0000000029e70800


---------------  P R O C E S S  ---------------

Java Threads: ( => current thread )
  0x000000002bdf5800 JavaThread "Cache worker for file hash cache (E:\codes\RedrockMobile\CyxbsMobile_Android\.gradle\4.4\fileHashes)" [_thread_blocked, id=4904, stack(0x000000002c6a0000,0x000000002c7a0000)]
  0x000000002a2e0800 JavaThread "File lock request listener" [_thread_in_native, id=18640, stack(0x000000002b5d0000,0x000000002b6d0000)]
  0x000000002a155000 JavaThread "Cache worker for file hash cache (E:\Tools\Android\.gradle\caches\4.4\fileHashes)" [_thread_blocked, id=14468, stack(0x000000002b4d0000,0x000000002b5d0000)]
  0x000000002a0bd800 JavaThread "Stdin handler" [_thread_blocked, id=11712, stack(0x000000002b1d0000,0x000000002b2d0000)]
  0x0000000029e80000 JavaThread "Asynchronous log dispatcher for DefaultDaemonConnection: socket connection from /127.0.0.1:56638 to /127.0.0.1:56639" [_thread_blocked, id=9224, stack(0x000000002b0d0000,0x000000002b1d0000)]
  0x0000000029e70800 JavaThread "Daemon worker" [_thread_blocked, id=5012, stack(0x000000002aed0000,0x000000002afd0000)]
  0x0000000029f12800 JavaThread "Cancel handler" [_thread_blocked, id=10892, stack(0x000000002add0000,0x000000002aed0000)]
  0x0000000029d22000 JavaThread "Handler for socket connection from /127.0.0.1:56638 to /127.0.0.1:56639" [_thread_in_native, id=19440, stack(0x000000002aad0000,0x000000002abd0000)]
  0x0000000029d1f000 JavaThread "Daemon" [_thread_blocked, id=14472, stack(0x000000002a9d0000,0x000000002aad0000)]
  0x0000000029d37000 JavaThread "Daemon periodic checks" [_thread_blocked, id=4268, stack(0x000000002a8d0000,0x000000002a9d0000)]
  0x0000000029a25000 JavaThread "Incoming local TCP Connector on port 56638" [_thread_in_native, id=19652, stack(0x000000002a720000,0x000000002a820000)]
  0x000000002604e800 JavaThread "Service Thread" daemon [_thread_blocked, id=5060, stack(0x0000000028b10000,0x0000000028c10000)]
  0x000000002604d000 JavaThread "C1 CompilerThread3" daemon [_thread_blocked, id=19644, stack(0x0000000028a10000,0x0000000028b10000)]
  0x0000000027f92800 JavaThread "C2 CompilerThread2" daemon [_thread_in_native, id=10880, stack(0x0000000028910000,0x0000000028a10000)]
  0x0000000027f91000 JavaThread "C2 CompilerThread1" daemon [_thread_blocked, id=19648, stack(0x0000000028810000,0x0000000028910000)]
  0x0000000027f8c000 JavaThread "C2 CompilerThread0" daemon [_thread_in_native, id=19660, stack(0x0000000028710000,0x0000000028810000)]
  0x0000000027fe8000 JavaThread "Attach Listener" daemon [_thread_blocked, id=8656, stack(0x0000000028610000,0x0000000028710000)]
  0x0000000027fe7000 JavaThread "Signal Dispatcher" daemon [_thread_blocked, id=1944, stack(0x0000000028510000,0x0000000028610000)]
  0x0000000027f71800 JavaThread "Finalizer" daemon [_thread_blocked, id=1804, stack(0x0000000028350000,0x0000000028450000)]
  0x0000000002f28000 JavaThread "Reference Handler" daemon [_thread_blocked, id=1736, stack(0x0000000027e50000,0x0000000027f50000)]
  0x0000000002e32800 JavaThread "main" [_thread_blocked, id=11360, stack(0x0000000002ce0000,0x0000000002de0000)]

Other Threads:
=>0x0000000026037800 VMThread [stack: 0x0000000027d50000,0x0000000027e50000] [id=19656]
  0x0000000028084000 WatcherThread [stack: 0x0000000028c10000,0x0000000028d10000] [id=19596]

VM state:at safepoint (normal execution)

VM Mutex/Monitor currently owned by a thread:  ([mutex/lock_event])
[0x0000000002e2e250] Threads_lock - owner thread: 0x0000000026037800
[0x0000000002e2e150] Heap_lock - owner thread: 0x0000000029e70800

Heap:
 PSYoungGen      total 76288K, used 20080K [0x0000000715580000, 0x000000071aa80000, 0x00000007c0000000)
  eden space 65536K, 14% used [0x0000000715580000,0x0000000715ea2c00,0x0000000719580000)
  from space 10752K, 99% used [0x000000071a000000,0x000000071aa79618,0x000000071aa80000)
  to   space 10752K, 0% used [0x0000000719580000,0x0000000719580000,0x000000071a000000)
 ParOldGen       total 175104K, used 384K [0x00000005c0000000, 0x00000005cab00000, 0x0000000715580000)
  object space 175104K, 0% used [0x00000005c0000000,0x00000005c0060030,0x00000005cab00000)
 Metaspace       used 18168K, capacity 18620K, committed 18688K, reserved 1069056K
  class space    used 2600K, capacity 2754K, committed 2816K, reserved 1048576K

Card table byte_map: [0x00000000122f0000,0x0000000013300000] byte_map_base: 0x000000000f4f0000

Marking Bits: (ParMarkBitMap*) 0x0000000076f94970
 Begin Bits: [0x00000000145b0000, 0x000000001c5b0000)
 End Bits:   [0x000000001c5b0000, 0x00000000245b0000)

Polling page: 0x00000000028a0000

CodeCache: size=245760Kb used=5428Kb max_used=5435Kb free=240331Kb
 bounds [0x0000000002f30000, 0x0000000003490000, 0x0000000011f30000]
 total_blobs=1971 nmethods=1590 adapters=294
 compilation: enabled

Compilation events (10 events):
Event: 2.530 Thread 0x000000002604d000 1581       3       sun.misc.SharedSecrets::getJavaLangAccess (4 bytes)
Event: 2.530 Thread 0x000000002604d000 nmethod 1581 0x000000000347e550 code [0x000000000347e6a0, 0x000000000347e7f0]
Event: 2.530 Thread 0x000000002604d000 1582       1       java.lang.reflect.Proxy$Key1::hashCode (5 bytes)
Event: 2.530 Thread 0x000000002604d000 nmethod 1582 0x000000000347e850 code [0x000000000347e9a0, 0x000000000347eab0]
Event: 2.533 Thread 0x000000002604d000 1590       3       java.util.IdentityHashMap::put (137 bytes)
Event: 2.534 Thread 0x000000002604d000 nmethod 1590 0x000000000347eb10 code [0x000000000347ed00, 0x000000000347f718]
Event: 2.549 Thread 0x0000000027f91000 1591       4       java.security.CodeSource::getCertificates (98 bytes)
Event: 2.549 Thread 0x0000000027f91000 nmethod 1591 0x0000000003443f10 code [0x0000000003444040, 0x00000000034440d8]
Event: 2.567 Thread 0x000000002604d000 1592       3       java.lang.Class::searchFields (41 bytes)
Event: 2.567 Thread 0x000000002604d000 nmethod 1592 0x00000000034817d0 code [0x00000000034819c0, 0x0000000003482388]

GC Heap History (5 events):
Event: 1.674 GC heap before
{Heap before GC invocations=1 (full 0):
 PSYoungGen      total 76288K, used 65536K [0x0000000715580000, 0x000000071aa80000, 0x00000007c0000000)
  eden space 65536K, 100% used [0x0000000715580000,0x0000000719580000,0x0000000719580000)
  from space 10752K, 0% used [0x000000071a000000,0x000000071a000000,0x000000071aa80000)
  to   space 10752K, 0% used [0x0000000719580000,0x0000000719580000,0x000000071a000000)
 ParOldGen       total 175104K, used 0K [0x00000005c0000000, 0x00000005cab00000, 0x0000000715580000)
  object space 175104K, 0% used [0x00000005c0000000,0x00000005c0000000,0x00000005cab00000)
 Metaspace       used 10593K, capacity 10932K, committed 11008K, reserved 1058816K
  class space    used 1385K, capacity 1490K, committed 1536K, reserved 1048576K
Event: 1.684 GC heap after
Heap after GC invocations=1 (full 0):
 PSYoungGen      total 76288K, used 7905K [0x0000000715580000, 0x000000071aa80000, 0x00000007c0000000)
  eden space 65536K, 0% used [0x0000000715580000,0x0000000715580000,0x0000000719580000)
  from space 10752K, 73% used [0x0000000719580000,0x0000000719d387b0,0x000000071a000000)
  to   space 10752K, 0% used [0x000000071a000000,0x000000071a000000,0x000000071aa80000)
 ParOldGen       total 175104K, used 16K [0x00000005c0000000, 0x00000005cab00000, 0x0000000715580000)
  object space 175104K, 0% used [0x00000005c0000000,0x00000005c0004000,0x00000005cab00000)
 Metaspace       used 10593K, capacity 10932K, committed 11008K, reserved 1058816K
  class space    used 1385K, capacity 1490K, committed 1536K, reserved 1048576K
}
Event: 2.430 GC heap before
{Heap before GC invocations=2 (full 0):
 PSYoungGen      total 76288K, used 73441K [0x0000000715580000, 0x000000071aa80000, 0x00000007c0000000)
  eden space 65536K, 100% used [0x0000000715580000,0x0000000719580000,0x0000000719580000)
  from space 10752K, 73% used [0x0000000719580000,0x0000000719d387b0,0x000000071a000000)
  to   space 10752K, 0% used [0x000000071a000000,0x000000071a000000,0x000000071aa80000)
 ParOldGen       total 175104K, used 16K [0x00000005c0000000, 0x00000005cab00000, 0x0000000715580000)
  object space 175104K, 0% used [0x00000005c0000000,0x00000005c0004000,0x00000005cab00000)
 Metaspace       used 17105K, capacity 17498K, committed 17792K, reserved 1064960K
  class space    used 2459K, capacity 2579K, committed 2688K, reserved 1048576K
Event: 2.442 GC heap after
Heap after GC invocations=2 (full 0):
 PSYoungGen      total 76288K, used 10725K [0x0000000715580000, 0x000000071aa80000, 0x00000007c0000000)
  eden space 65536K, 0% used [0x0000000715580000,0x0000000715580000,0x0000000719580000)
  from space 10752K, 99% used [0x000000071a000000,0x000000071aa79618,0x000000071aa80000)
  to   space 10752K, 0% used [0x0000000719580000,0x0000000719580000,0x000000071a000000)
 ParOldGen       total 175104K, used 384K [0x00000005c0000000, 0x00000005cab00000, 0x0000000715580000)
  object space 175104K, 0% used [0x00000005c0000000,0x00000005c0060030,0x00000005cab00000)
 Metaspace       used 17105K, capacity 17498K, committed 17792K, reserved 1064960K
  class space    used 2459K, capacity 2579K, committed 2688K, reserved 1048576K
}
Event: 2.581 GC heap before
{Heap before GC invocations=3 (full 0):
 PSYoungGen      total 76288K, used 20080K [0x0000000715580000, 0x000000071aa80000, 0x00000007c0000000)
  eden space 65536K, 14% used [0x0000000715580000,0x0000000715ea2c00,0x0000000719580000)
  from space 10752K, 99% used [0x000000071a000000,0x000000071aa79618,0x000000071aa80000)
  to   space 10752K, 0% used [0x0000000719580000,0x0000000719580000,0x000000071a000000)
 ParOldGen       total 175104K, used 384K [0x00000005c0000000, 0x00000005cab00000, 0x0000000715580000)
  object space 175104K, 0% used [0x00000005c0000000,0x00000005c0060030,0x00000005cab00000)
 Metaspace       used 18168K, capacity 18620K, committed 18688K, reserved 1069056K
  class space    used 2600K, capacity 2754K, committed 2816K, reserved 1048576K

Deoptimization events (10 events):
Event: 2.037 Thread 0x0000000029e70800 Uncommon trap: reason=class_check action=maybe_recompile pc=0x00000000031cddb4 method=java.util.regex.Matcher.match(II)Z @ 86
Event: 2.037 Thread 0x0000000029e70800 Uncommon trap: reason=class_check action=maybe_recompile pc=0x0000000003197eb4 method=java.util.regex.Matcher.match(II)Z @ 86
Event: 2.090 Thread 0x0000000029e70800 Uncommon trap: reason=unstable_if action=reinterpret pc=0x0000000003399c34 method=java.lang.String.lastIndexOf([CII[CIII)I @ 66
Event: 2.333 Thread 0x0000000029e70800 Uncommon trap: reason=unstable_if action=reinterpret pc=0x0000000003082a48 method=java.net.URI.match(CJJ)Z @ 19
Event: 2.333 Thread 0x0000000029e70800 Uncommon trap: reason=unstable_if action=reinterpret pc=0x00000000031c7898 method=java.net.URI.match(CJJ)Z @ 19
Event: 2.375 Thread 0x0000000029e70800 Uncommon trap: reason=unstable_if action=reinterpret pc=0x00000000031c66d4 method=java.io.File.getName()Ljava/lang/String; @ 16
Event: 2.461 Thread 0x0000000029e70800 Uncommon trap: reason=bimorphic action=maybe_recompile pc=0x00000000033a7330 method=java.lang.ClassLoader.loadClass(Ljava/lang/String;Z)Ljava/lang/Class; @ 38
Event: 2.463 Thread 0x0000000029e70800 Uncommon trap: reason=bimorphic action=maybe_recompile pc=0x00000000033a7330 method=java.lang.ClassLoader.loadClass(Ljava/lang/String;Z)Ljava/lang/Class; @ 38
Event: 2.463 Thread 0x0000000029e70800 Uncommon trap: reason=bimorphic action=maybe_recompile pc=0x00000000033a7330 method=java.lang.ClassLoader.loadClass(Ljava/lang/String;Z)Ljava/lang/Class; @ 38
Event: 2.464 Thread 0x0000000029e70800 Uncommon trap: reason=bimorphic action=maybe_recompile pc=0x00000000033a7330 method=java.lang.ClassLoader.loadClass(Ljava/lang/String;Z)Ljava/lang/Class; @ 38

Classes redefined (0 events):
No events

Internal exceptions (10 events):
Event: 2.394 Thread 0x0000000029e70800 Exception <a 'java/lang/NoSuchMethodError': <clinit>> (0x0000000719345508) thrown at [D:\src\AOSP-openjdk-cygwin\jdk8u\hotspot\src\share\vm\prims\jni.cpp, line 1613]
Event: 2.394 Thread 0x0000000029e70800 Exception <a 'java/lang/NoSuchMethodError': <clinit>> (0x0000000719347ea8) thrown at [D:\src\AOSP-openjdk-cygwin\jdk8u\hotspot\src\share\vm\prims\jni.cpp, line 1613]
Event: 2.395 Thread 0x0000000029e70800 Exception <a 'java/lang/NoSuchMethodError': <clinit>> (0x0000000719355498) thrown at [D:\src\AOSP-openjdk-cygwin\jdk8u\hotspot\src\share\vm\prims\jni.cpp, line 1613]
Event: 2.395 Thread 0x0000000029e70800 Exception <a 'java/lang/NoSuchMethodError': <clinit>> (0x0000000719360c18) thrown at [D:\src\AOSP-openjdk-cygwin\jdk8u\hotspot\src\share\vm\prims\jni.cpp, line 1613]
Event: 2.468 Thread 0x0000000029e70800 Exception <a 'java/lang/NoSuchMethodError': <clinit>> (0x000000071573c640) thrown at [D:\src\AOSP-openjdk-cygwin\jdk8u\hotspot\src\share\vm\prims\jni.cpp, line 1613]
Event: 2.481 Thread 0x0000000029e70800 Exception <a 'java/lang/NoSuchMethodError': <clinit>> (0x0000000715788130) thrown at [D:\src\AOSP-openjdk-cygwin\jdk8u\hotspot\src\share\vm\prims\jni.cpp, line 1613]
Event: 2.482 Thread 0x0000000029e70800 Exception <a 'java/lang/NoSuchMethodError': <clinit>> (0x0000000715795b60) thrown at [D:\src\AOSP-openjdk-cygwin\jdk8u\hotspot\src\share\vm\prims\jni.cpp, line 1613]
Event: 2.491 Thread 0x0000000029e70800 Exception <a 'java/lang/NoSuchMethodError': <clinit>> (0x00000007158140e0) thrown at [D:\src\AOSP-openjdk-cygwin\jdk8u\hotspot\src\share\vm\prims\jni.cpp, line 1613]
Event: 2.491 Thread 0x0000000029e70800 Exception <a 'java/lang/NoSuchMethodError': <clinit>> (0x0000000715817da0) thrown at [D:\src\AOSP-openjdk-cygwin\jdk8u\hotspot\src\share\vm\prims\jni.cpp, line 1613]
Event: 2.491 Thread 0x0000000029e70800 Exception <a 'java/lang/NoSuchMethodError': <clinit>> (0x00000007158198a8) thrown at [D:\src\AOSP-openjdk-cygwin\jdk8u\hotspot\src\share\vm\prims\jni.cpp, line 1613]

Events (10 events):
Event: 2.580 loading class org/codehaus/groovy/util/ReferenceBundle done
Event: 2.580 loading class org/codehaus/groovy/util/ReferenceManager
Event: 2.580 loading class org/codehaus/groovy/util/ReferenceManager done
Event: 2.580 loading class org/codehaus/groovy/util/ReferenceManager$ThreadedReferenceManager
Event: 2.580 loading class org/codehaus/groovy/util/ReferenceManager$ThreadedReferenceManager done
Event: 2.581 loading class org/codehaus/groovy/util/ReferenceManager$1
Event: 2.581 loading class org/codehaus/groovy/util/ReferenceManager$1 done
Event: 2.581 loading class org/codehaus/groovy/util/ReferenceManager$CallBackedManager
Event: 2.581 loading class org/codehaus/groovy/util/ReferenceManager$CallBackedManager done
Event: 2.581 Executing VM operation: CollectForMetadataAllocation


Dynamic libraries:
0x00007ff7dcd50000 - 0x00007ff7dcd81000 	E:\IDE\Android\Android Studio\jre\bin\java.exe
0x00007ffcaa640000 - 0x00007ffcaa821000 	C:\WINDOWS\SYSTEM32\ntdll.dll
0x00007ffca7ad0000 - 0x00007ffca7b82000 	C:\WINDOWS\System32\KERNEL32.DLL
0x00007ffca6a10000 - 0x00007ffca6c83000 	C:\WINDOWS\System32\KERNELBASE.dll
0x00007ffca8080000 - 0x00007ffca8121000 	C:\WINDOWS\System32\ADVAPI32.dll
0x00007ffca9830000 - 0x00007ffca98ce000 	C:\WINDOWS\System32\msvcrt.dll
0x00007ffca9fd0000 - 0x00007ffcaa02b000 	C:\WINDOWS\System32\sechost.dll
0x00007ffca7ba0000 - 0x00007ffca7cc4000 	C:\WINDOWS\System32\RPCRT4.dll
0x00007ffcaa120000 - 0x00007ffcaa2b0000 	C:\WINDOWS\System32\USER32.dll
0x00007ffca6c90000 - 0x00007ffca6cb0000 	C:\WINDOWS\System32\win32u.dll
0x00007ffcaa5e0000 - 0x00007ffcaa608000 	C:\WINDOWS\System32\GDI32.dll
0x00007ffca78b0000 - 0x00007ffca7a42000 	C:\WINDOWS\System32\gdi32full.dll
0x00007ffca6f00000 - 0x00007ffca6f9f000 	C:\WINDOWS\System32\msvcp_win.dll
0x00007ffca77b0000 - 0x00007ffca78aa000 	C:\WINDOWS\System32\ucrtbase.dll
0x00007ffc98100000 - 0x00007ffc98369000 	C:\WINDOWS\WinSxS\amd64_microsoft.windows.common-controls_6595b64144ccf1df_6.0.17134.228_none_fb4599993062b194\COMCTL32.dll
0x00007ffca7d50000 - 0x00007ffca8073000 	C:\WINDOWS\System32\combase.dll
0x00007ffca7a50000 - 0x00007ffca7aca000 	C:\WINDOWS\System32\bcryptPrimitives.dll
0x00007ffca9ec0000 - 0x00007ffca9eed000 	C:\WINDOWS\System32\IMM32.DLL
0x00007ffca68e0000 - 0x00007ffca694e000 	C:\WINDOWS\System32\dtrampo.dll
0x0000000077480000 - 0x0000000077552000 	E:\IDE\Android\Android Studio\jre\jre\bin\msvcr100.dll
0x00000000767d0000 - 0x000000007700f000 	E:\IDE\Android\Android Studio\jre\jre\bin\server\jvm.dll
0x00007ffca9f60000 - 0x00007ffca9f68000 	C:\WINDOWS\System32\PSAPI.DLL
0x00007ffc8c8b0000 - 0x00007ffc8c8b9000 	C:\WINDOWS\SYSTEM32\WSOCK32.dll
0x00007ffca9ef0000 - 0x00007ffca9f5c000 	C:\WINDOWS\System32\WS2_32.dll
0x00007ffca1e10000 - 0x00007ffca1e33000 	C:\WINDOWS\SYSTEM32\WINMM.dll
0x00007ffc9f970000 - 0x00007ffc9f97a000 	C:\WINDOWS\SYSTEM32\VERSION.dll
0x00007ffca1de0000 - 0x00007ffca1e0a000 	C:\WINDOWS\SYSTEM32\WINMMBASE.dll
0x0000000002c90000 - 0x0000000002cd9000 	C:\WINDOWS\System32\cfgmgr32.dll
0x00007ffca3120000 - 0x00007ffca312f000 	E:\IDE\Android\Android Studio\jre\jre\bin\verify.dll
0x00007ffc9eeb0000 - 0x00007ffc9eed9000 	E:\IDE\Android\Android Studio\jre\jre\bin\java.dll
0x00007ffca3100000 - 0x00007ffca3116000 	E:\IDE\Android\Android Studio\jre\jre\bin\zip.dll
0x00007ffca83c0000 - 0x00007ffca9800000 	C:\WINDOWS\System32\SHELL32.dll
0x00007ffca8310000 - 0x00007ffca83b9000 	C:\WINDOWS\System32\shcore.dll
0x00007ffca7050000 - 0x00007ffca775d000 	C:\WINDOWS\System32\windows.storage.dll
0x00000000284b0000 - 0x0000000028501000 	C:\WINDOWS\System32\shlwapi.dll
0x00007ffca6970000 - 0x00007ffca6981000 	C:\WINDOWS\System32\kernel.appcore.dll
0x0000000002df0000 - 0x0000000002e0f000 	C:\WINDOWS\System32\profapi.dll
0x00007ffca69a0000 - 0x00007ffca69ec000 	C:\WINDOWS\System32\powrprof.dll
0x00007ffca6990000 - 0x00007ffca699a000 	C:\WINDOWS\System32\FLTLIB.DLL
0x00007ffca1dc0000 - 0x00007ffca1dda000 	E:\IDE\Android\Android Studio\jre\jre\bin\net.dll
0x00007ffca6160000 - 0x00007ffca61c6000 	C:\WINDOWS\system32\mswsock.dll
0x00007ffca1d90000 - 0x00007ffca1da1000 	E:\IDE\Android\Android Studio\jre\jre\bin\nio.dll
0x00007ffc95e00000 - 0x00007ffc95e1e000 	E:\Tools\Android\.gradle\native\25\windows-amd64\native-platform.dll
0x00007ffca30d0000 - 0x00007ffca30dd000 	E:\IDE\Android\Android Studio\jre\jre\bin\management.dll
0x00007ffca6310000 - 0x00007ffca6327000 	C:\WINDOWS\SYSTEM32\CRYPTSP.dll
0x00007ffca5d40000 - 0x00007ffca5d73000 	C:\WINDOWS\system32\rsaenh.dll
0x00007ffca6440000 - 0x00007ffca6465000 	C:\WINDOWS\SYSTEM32\bcrypt.dll
0x00007ffca6810000 - 0x00007ffca6838000 	C:\WINDOWS\SYSTEM32\USERENV.dll
0x00007ffca6330000 - 0x00007ffca633b000 	C:\WINDOWS\SYSTEM32\CRYPTBASE.dll
0x00007ffca5ee0000 - 0x00007ffca5f18000 	C:\WINDOWS\SYSTEM32\IPHLPAPI.DLL
0x00007ffca9800000 - 0x00007ffca9808000 	C:\WINDOWS\System32\NSI.dll
0x00007ffc9f6e0000 - 0x00007ffc9f6f6000 	C:\WINDOWS\SYSTEM32\dhcpcsvc6.DLL
0x00007ffc9f870000 - 0x00007ffc9f88a000 	C:\WINDOWS\SYSTEM32\dhcpcsvc.DLL

VM Arguments:
jvm_args: -XX:MaxPermSize=2g -XX:+HeapDumpOnOutOfMemoryError -Xmx8g -Dfile.encoding=UTF-8 -Duser.country=CN -Duser.language=zh -Duser.variant 
java_command: org.gradle.launcher.daemon.bootstrap.GradleDaemon 4.4
java_class_path (initial): E:\Tools\Android\.gradle\wrapper\dists\gradle-4.4-all\9br9xq1tocpiv8o6njlyu5op1\gradle-4.4\lib\gradle-launcher-4.4.jar
Launcher Type: SUN_STANDARD

Environment Variables:
JAVA_HOME=E:\Tools\Java\jdk-9.0.1
CLASSPATH=.;E:\Tools\Java\jdk-9.0.1\lib\dt.jar;E:\Tools\Java\jdk-9.0.1\lib\tools.jar;
PATH=C:\ProgramData\Oracle\Java\javapath;C:\WINDOWS\system32;C:\WINDOWS;C:\WINDOWS\System32\Wbem;C:\WINDOWS\System32\WindowsPowerShell\v1.0\;C:\Program Files (x86)\GtkSharp\2.12\bin;E:\Tools\Java\jdk-9.0.1\bin;E:\Tools\Java\jdk-9.0.1\jre\bin;E:\Tools\Decompile\apktool;E:\Tools\Decompile\dex2jar-2.0;E:\Tools\Android\sdk\platform-tools;E:\Tools\Android\sdk\tools;D:\Git\cmd;E:\Tools\nodejs\;C:\Program Files (x86)\NVIDIA Corporation\PhysX\Common;C:\WINDOWS\system32;C:\WINDOWS;C:\WINDOWS\System32\Wbem;C:\WINDOWS\System32\WindowsPowerShell\v1.0\;C:\WINDOWS\System32\OpenSSH\;D:\Text Editor\Microsoft VS Code\bin;C:\Users\jay68\AppData\Local\Microsoft\WindowsApps;;D:\Text Editor\Microsoft VS Code\bin;D:\Small Tools\Fiddler;C:\Users\jay68\AppData\Roaming\npm;%USERPROFILE%\AppData\Local\Microsoft\WindowsApps;C:\Users\jay68\AppData\Local\hyper\app-2.0.0\resources\bin
USERNAME=jay68
OS=Windows_NT
PROCESSOR_IDENTIFIER=Intel64 Family 6 Model 94 Stepping 3, GenuineIntel



---------------  S Y S T E M  ---------------

OS: Windows 10.0 , 64 bit Build 17134 (10.0.17134.1)

CPU:total 8 (initial active 8) (4 cores per cpu, 2 threads per core) family 6 model 94 stepping 3, cmov, cx8, fxsr, mmx, sse, sse2, sse3, ssse3, sse4.1, sse4.2, popcnt, avx, avx2, aes, clmul, erms, rtm, 3dnowpref, lzcnt, ht, tsc, tscinvbit, bmi1, bmi2, adx

Memory: 4k page, physical 16664352k(1950688k free), swap 27079708k(4112k free)

vm_info: OpenJDK 64-Bit Server VM (25.152-b02) for windows-amd64 JRE (1.8.0_152-release-1024-b02), built by "builder" with MS VC++ 10.0 (VS2010)

time: Wed Aug 22 16:53:33 2018
elapsed time: 2 seconds (0d 0h 0m 2s)

